<?xml version="1.0" encoding="UTF-8" standalone="yes"?><testsuite errors="0" failures="0" hostName="doaitran-pc" name="JSystem Reporter" tests="1" time="115.24" timeStamp="Sun Sep 16 21:45:10 ICT 2018"><testcase classname="com.aqua.services.welcome.Welcome" name="welcome" time="0.177"/></testsuite>